<?xml version="1.0" encoding="UTF-8"?>
<!-- Generated by org.testng.reporters.JUnitReportReporter -->
<testsuite hostname="anand-usa" name="com.test.appium.Demo" tests="1" failures="0" timestamp="22 Mar 2016 03:10:28 GMT" time="10.955" errors="0">
  <testcase name="testOne" time="10.955" classname="com.test.appium.Demo"/>
</testsuite> <!-- com.test.appium.Demo -->
